<?xml version="1.0" encoding="UTF-8"?>
<!-- Generated by org.testng.reporters.JUnitReportReporter -->
<testsuite hostname="HASEEF" failures="0" tests="2" name="com.bounceadmin.testscript.LvcReport" time="7.919" errors="0" timestamp="2021-06-22T11:37:51 IST" skipped="0">
  <testcase classname="com.bounceadmin.testscript.LvcReport" name="filterReportByCountry" time="6.520"/>
  <system-out/>
  <testcase classname="com.bounceadmin.testscript.LvcReport" name="filterReportByNurseryName" time="1.399"/>
  <system-out/>
</testsuite> <!-- com.bounceadmin.testscript.LvcReport -->
