<?xml version="1.0" encoding="UTF-8"?>
<!-- Generated by org.testng.reporters.JUnitReportReporter -->
<testsuite hostname="HASEEF" failures="0" tests="1" name="com.bounceadmin.testscript.NotificationTemplate" time="5.366" errors="0" timestamp="2021-06-22T11:37:51 IST" skipped="0">
  <testcase classname="com.bounceadmin.testscript.NotificationTemplate" name="verifyPresenceOfAllTemplates" time="5.366"/>
  <system-out/>
</testsuite> <!-- com.bounceadmin.testscript.NotificationTemplate -->
