<?xml version="1.0" encoding="UTF-8"?>
<!-- Generated by org.testng.reporters.JUnitReportReporter -->
<testsuite hostname="HASEEF" failures="0" tests="40" name="com.bounceadmin.testscript.ListNursery" time="290.821" errors="0" timestamp="2021-07-02T15:04:35 IST" skipped="0">
  <testcase classname="com.bounceadmin.testscript.ListNursery" name="filterByNurseryNameAndStatus" time="10.090"/>
  <system-out/>
  <testcase classname="com.bounceadmin.testscript.ListNursery" name="filterByNurseryNameAndEmail" time="3.145"/>
  <system-out/>
  <testcase classname="com.bounceadmin.testscript.ListNursery" name="filterByNurseryNameAndCountry" time="3.317"/>
  <system-out/>
  <testcase classname="com.bounceadmin.testscript.ListNursery" name="filterByNurseryNameAndCountryCode" time="3.588"/>
  <system-out/>
  <testcase classname="com.bounceadmin.testscript.ListNursery" name="filterByNurseryNameAndPhone" time="3.265"/>
  <system-out/>
  <testcase classname="com.bounceadmin.testscript.ListNursery" name="filterByNurseryNameAndAccess" time="3.354"/>
  <system-out/>
  <testcase classname="com.bounceadmin.testscript.ListNursery" name="filterByStatusAndEmail" time="2.742"/>
  <system-out/>
  <testcase classname="com.bounceadmin.testscript.ListNursery" name="filterByStatusAndCountry" time="21.709"/>
  <system-out/>
  <testcase classname="com.bounceadmin.testscript.ListNursery" name="filterByStatusAndCountryCode" time="12.158"/>
  <system-out/>
  <testcase classname="com.bounceadmin.testscript.ListNursery" name="filterByStatusAndPhone" time="3.308"/>
  <system-out/>
  <testcase classname="com.bounceadmin.testscript.ListNursery" name="filterByStatusAndAccess" time="43.099"/>
  <system-out/>
  <testcase classname="com.bounceadmin.testscript.ListNursery" name="filterByEmailAndCountry" time="3.196"/>
  <system-out/>
  <testcase classname="com.bounceadmin.testscript.ListNursery" name="filterByEmailAndCountryCode" time="3.232"/>
  <system-out/>
  <testcase classname="com.bounceadmin.testscript.ListNursery" name="filterByEmailAndPhone" time="3.024"/>
  <system-out/>
  <testcase classname="com.bounceadmin.testscript.ListNursery" name="filterByEmailAndAccess" time="3.181"/>
  <system-out/>
  <testcase classname="com.bounceadmin.testscript.ListNursery" name="filterByCountryAndCountryCode" time="21.163"/>
  <system-out/>
  <testcase classname="com.bounceadmin.testscript.ListNursery" name="filterByCountryAndPhone" time="3.635"/>
  <system-out/>
  <testcase classname="com.bounceadmin.testscript.ListNursery" name="filterByCountryAndAccess" time="32.899"/>
  <system-out/>
  <testcase classname="com.bounceadmin.testscript.ListNursery" name="filterByCountryCodeAndPhone" time="3.065"/>
  <system-out/>
  <testcase classname="com.bounceadmin.testscript.ListNursery" name="filterByCountryCodeAndAccess" time="22.031"/>
  <system-out/>
  <testcase classname="com.bounceadmin.testscript.ListNursery" name="filterByPhoneAndAccess" time="3.222"/>
  <system-out/>
  <testcase classname="com.bounceadmin.testscript.ListNursery" name="filterByNurseryNameStatusAndEmail" time="3.578"/>
  <system-out/>
  <testcase classname="com.bounceadmin.testscript.ListNursery" name="filterByNurseryNameStatusAndCountry" time="3.378"/>
  <system-out/>
  <testcase classname="com.bounceadmin.testscript.ListNursery" name="filterByNurseryNameStatusAndCountryCode" time="3.403"/>
  <system-out/>
  <testcase classname="com.bounceadmin.testscript.ListNursery" name="filterByNurseryNameStatusAndPhone" time="3.629"/>
  <system-out/>
  <testcase classname="com.bounceadmin.testscript.ListNursery" name="filterByNurseryNameStatusAndAccess" time="3.569"/>
  <system-out/>
  <testcase classname="com.bounceadmin.testscript.ListNursery" name="filterByNameEmailAndCountry" time="3.698"/>
  <system-out/>
  <testcase classname="com.bounceadmin.testscript.ListNursery" name="filterByNameEmailAndCountryCode" time="3.688"/>
  <system-out/>
  <testcase classname="com.bounceadmin.testscript.ListNursery" name="filterByNameEmailAndPhone" time="3.649"/>
  <system-out/>
  <testcase classname="com.bounceadmin.testscript.ListNursery" name="filterByStatusEmailAndCountry" time="3.631"/>
  <system-out/>
  <testcase classname="com.bounceadmin.testscript.ListNursery" name="filterByStatusCountryAndCountryCode" time="18.511"/>
  <system-out/>
  <testcase classname="com.bounceadmin.testscript.ListNursery" name="filterByStatusCountryAndPhone" time="3.386"/>
  <system-out/>
  <testcase classname="com.bounceadmin.testscript.ListNursery" name="filterByNameCountryAndPhone" time="3.532"/>
  <system-out/>
  <testcase classname="com.bounceadmin.testscript.ListNursery" name="filterByEmailCountryAndPhone" time="3.711"/>
  <system-out/>
  <testcase classname="com.bounceadmin.testscript.ListNursery" name="filterNurseryByNameEmailCountryAndPhone" time="3.409"/>
  <system-out/>
  <testcase classname="com.bounceadmin.testscript.ListNursery" name="filterNurseryByNameEmailCountryCountrycodeAndPhone" time="3.404"/>
  <system-out/>
  <testcase classname="com.bounceadmin.testscript.ListNursery" name="filterNurseryByNameStatusCountryPhone" time="3.694"/>
  <system-out/>
  <testcase classname="com.bounceadmin.testscript.ListNursery" name="filterNurseryByNameStatusEmailCountryCountrycodeAndPhone" time="3.600"/>
  <system-out/>
  <testcase classname="com.bounceadmin.testscript.ListNursery" name="filterNurseryByStatusEmailCountryCountryCodeAndPhone" time="3.594"/>
  <system-out/>
  <testcase classname="com.bounceadmin.testscript.ListNursery" name="filterNurseryList" time="3.334"/>
  <system-out/>
</testsuite> <!-- com.bounceadmin.testscript.ListNursery -->
