<?xml version="1.0" encoding="UTF-8"?>
<!-- Generated by org.testng.reporters.JUnitReportReporter -->
<testsuite hostname="HASEEF" failures="0" tests="4" name="com.bounceadmin.testscript.OTPList" time="23.663" errors="0" timestamp="2021-06-18T13:28:25 IST" skipped="0">
  <testcase classname="com.bounceadmin.testscript.OTPList" name="verifyHeadersAndfilterByStatus" time="6.737"/>
  <system-out/>
  <testcase classname="com.bounceadmin.testscript.OTPList" name="filterByPhoneCode" time="3.215"/>
  <system-out/>
  <testcase classname="com.bounceadmin.testscript.OTPList" name="verifySortForPhoneNumber" time="7.080"/>
  <system-out/>
  <testcase classname="com.bounceadmin.testscript.OTPList" name="verifySortForCreatedDate" time="6.631"/>
  <system-out/>
</testsuite> <!-- com.bounceadmin.testscript.OTPList -->
