<?xml version="1.0" encoding="UTF-8"?>
<!-- Generated by org.testng.reporters.JUnitReportReporter -->
<testsuite hostname="HASEEF" failures="0" tests="3" name="com.bounceadmin.testscript.AddStaff" time="27.009" errors="0" timestamp="2021-06-24T12:48:28 IST" skipped="0">
  <testcase classname="com.bounceadmin.testscript.AddStaff" name="verifyMandatoryMsg" time="6.133"/>
  <system-out/>
  <testcase classname="com.bounceadmin.testscript.AddStaff" name="addStaffAsActiveStudentReportOnly" time="9.667"/>
  <system-out/>
  <testcase classname="com.bounceadmin.testscript.AddStaff" name="addStaffAstestRole" time="11.209"/>
  <system-out/>
</testsuite> <!-- com.bounceadmin.testscript.AddStaff -->
