<?xml version="1.0" encoding="UTF-8"?>
<!-- Generated by org.testng.reporters.JUnitReportReporter -->
<testsuite hostname="HASEEF" failures="0" tests="5" name="com.bounceadmin.testscript.LogIn" time="30.972" errors="0" timestamp="2021-06-18T12:10:24 IST" skipped="0">
  <testcase classname="com.bounceadmin.testscript.LogIn" name="invalidEmail" time="3.048"/>
  <system-out/>
  <testcase classname="com.bounceadmin.testscript.LogIn" name="invalidCredentials" time="2.912"/>
  <system-out/>
  <testcase classname="com.bounceadmin.testscript.LogIn" name="noCredentials" time="1.232"/>
  <system-out/>
  <testcase classname="com.bounceadmin.testscript.LogIn" name="validLoginAsDarisniAdmin" time="12.861"/>
  <system-out/>
  <testcase classname="com.bounceadmin.testscript.LogIn" name="validLoginAsDarisniSuperAdmin" time="10.919"/>
  <system-out/>
</testsuite> <!-- com.bounceadmin.testscript.LogIn -->
