<?xml version="1.0" encoding="UTF-8"?>
<!-- Generated by org.testng.reporters.JUnitReportReporter -->
<testsuite hostname="HASEEF" failures="0" tests="2" name="com.bounceadmin.testscript.AddNursery" time="25.323" errors="0" timestamp="2021-06-22T11:37:51 IST" skipped="0">
  <testcase classname="com.bounceadmin.testscript.AddNursery" name="verifyMandatoryMsgVisible" time="5.469"/>
  <system-out/>
  <testcase classname="com.bounceadmin.testscript.AddNursery" name="verifyAddNurserywithMnadatoryOnly" time="19.854"/>
  <system-out/>
</testsuite> <!-- com.bounceadmin.testscript.AddNursery -->
