<?xml version="1.0" encoding="UTF-8"?>
<!-- Generated by org.testng.reporters.JUnitReportReporter -->
<testsuite hostname="HASEEF" failures="0" tests="20" name="com.bounceadmin.testscript.PaymentTransactionsList" time="238.525" errors="0" timestamp="2021-06-18T13:33:55 IST" skipped="0">
  <testcase classname="com.bounceadmin.testscript.PaymentTransactionsList" name="filterByDate" time="8.160"/>
  <system-out/>
  <testcase classname="com.bounceadmin.testscript.PaymentTransactionsList" name="filterByPayMode" time="69.953"/>
  <system-out/>
  <testcase classname="com.bounceadmin.testscript.PaymentTransactionsList" name="filterByPaymentGateway" time="15.247"/>
  <system-out/>
  <testcase classname="com.bounceadmin.testscript.PaymentTransactionsList" name="filterByPaymentMethod" time="6.598"/>
  <system-out/>
  <testcase classname="com.bounceadmin.testscript.PaymentTransactionsList" name="filterByNurseryName" time="2.806"/>
  <system-out/>
  <testcase classname="com.bounceadmin.testscript.PaymentTransactionsList" name="filterByTransactionStatus" time="44.807"/>
  <system-out/>
  <testcase classname="com.bounceadmin.testscript.PaymentTransactionsList" name="filterByReconciliationStatus" time="11.423"/>
  <system-out/>
  <testcase classname="com.bounceadmin.testscript.PaymentTransactionsList" name="filterByTransferStatus" time="10.024"/>
  <system-out/>
  <testcase classname="com.bounceadmin.testscript.PaymentTransactionsList" name="filterByPaymentGatewayRefId" time="2.856"/>
  <system-out/>
  <testcase classname="com.bounceadmin.testscript.PaymentTransactionsList" name="verifyPrintClickPrint" time="3.649"/>
  <system-out/>
  <testcase classname="com.bounceadmin.testscript.PaymentTransactionsList" name="verifyPrintClickCancel" time="2.693"/>
  <system-out/>
  <testcase classname="com.bounceadmin.testscript.PaymentTransactionsList" name="verifySortForCustomerRefId" time="6.674"/>
  <system-out/>
  <testcase classname="com.bounceadmin.testscript.PaymentTransactionsList" name="verifySortForBounceId" time="6.765"/>
  <system-out/>
  <testcase classname="com.bounceadmin.testscript.PaymentTransactionsList" name="verifySortForNurseryName" time="6.696"/>
  <system-out/>
  <testcase classname="com.bounceadmin.testscript.PaymentTransactionsList" name="verifySortForPayDate" time="6.737"/>
  <system-out/>
  <testcase classname="com.bounceadmin.testscript.PaymentTransactionsList" name="verifySortForAmount" time="6.650"/>
  <system-out/>
  <testcase classname="com.bounceadmin.testscript.PaymentTransactionsList" name="verifySortForPayGateway" time="6.760"/>
  <system-out/>
  <testcase classname="com.bounceadmin.testscript.PaymentTransactionsList" name="verifySortForPayMethod" time="6.612"/>
  <system-out/>
  <testcase classname="com.bounceadmin.testscript.PaymentTransactionsList" name="verifySortForPayMode" time="6.672"/>
  <system-out/>
  <testcase classname="com.bounceadmin.testscript.PaymentTransactionsList" name="verifySortForGatewayRefId" time="6.743"/>
  <system-out/>
</testsuite> <!-- com.bounceadmin.testscript.PaymentTransactionsList -->
