<?xml version="1.0" encoding="UTF-8"?>
<!-- Generated by org.testng.reporters.JUnitReportReporter -->
<testsuite hostname="HASEEF" failures="0" tests="15" name="com.bounceadmin.testscript.StaffList" time="115.779" errors="0" timestamp="2021-07-01T12:27:16 IST" skipped="0">
  <testcase classname="com.bounceadmin.testscript.StaffList" name="filterStaffByName" time="6.983"/>
  <system-out/>
  <testcase classname="com.bounceadmin.testscript.StaffList" name="filterStaffByEmail" time="3.361"/>
  <system-out/>
  <testcase classname="com.bounceadmin.testscript.StaffList" name="filterStaffByStatus" time="28.951"/>
  <system-out/>
  <testcase classname="com.bounceadmin.testscript.StaffList" name="filterStaffByRole" time="23.458"/>
  <system-out/>
  <testcase classname="com.bounceadmin.testscript.StaffList" name="filterStaffByNameAndEmail" time="3.602"/>
  <system-out/>
  <testcase classname="com.bounceadmin.testscript.StaffList" name="filterStaffByNameAndStatus" time="3.344"/>
  <system-out/>
  <testcase classname="com.bounceadmin.testscript.StaffList" name="filterStaffByNameAndRole" time="3.550"/>
  <system-out/>
  <testcase classname="com.bounceadmin.testscript.StaffList" name="filterStaffByEmailAndStatus" time="3.248"/>
  <system-out/>
  <testcase classname="com.bounceadmin.testscript.StaffList" name="filterStaffByEmailAndRole" time="3.380"/>
  <system-out/>
  <testcase classname="com.bounceadmin.testscript.StaffList" name="filterStaffByStatusAndRole" time="17.104"/>
  <system-out/>
  <testcase classname="com.bounceadmin.testscript.StaffList" name="filterStaffByNameStatusAndRole" time="3.603"/>
  <system-out/>
  <testcase classname="com.bounceadmin.testscript.StaffList" name="filterStaffByNameEmailAndRole" time="3.719"/>
  <system-out/>
  <testcase classname="com.bounceadmin.testscript.StaffList" name="filterStaffByNameEmailAndStatus" time="3.768"/>
  <system-out/>
  <testcase classname="com.bounceadmin.testscript.StaffList" name="filterStaffByEmailStatusAndRole" time="3.635"/>
  <system-out/>
  <testcase classname="com.bounceadmin.testscript.StaffList" name="filterStaff" time="4.073"/>
  <system-out/>
</testsuite> <!-- com.bounceadmin.testscript.StaffList -->
