<?xml version="1.0" encoding="UTF-8"?>
<!-- Generated by org.testng.reporters.JUnitReportReporter -->
<testsuite hostname="HASEEF" failures="0" tests="2" name="com.bounceadmin.testscript.ResourceDetailReport" time="7.456" errors="0" timestamp="2021-06-22T11:37:51 IST" skipped="0">
  <testcase classname="com.bounceadmin.testscript.ResourceDetailReport" name="filterReportByNurseryName" time="5.966"/>
  <system-out/>
  <testcase classname="com.bounceadmin.testscript.ResourceDetailReport" name="filterReportByCountry" time="1.490"/>
  <system-out/>
</testsuite> <!-- com.bounceadmin.testscript.ResourceDetailReport -->
