<?xml version="1.0" encoding="UTF-8"?>
<!-- Generated by org.testng.reporters.JUnitReportReporter -->
<testsuite hostname="HASEEF" failures="0" tests="3" name="com.bounceadmin.testscript.Dashboard" time="24.094" errors="0" timestamp="2021-06-23T16:46:31 IST" skipped="0">
  <testcase classname="com.bounceadmin.testscript.Dashboard" name="verifyDashboardData" time="4.282"/>
  <system-out/>
  <testcase classname="com.bounceadmin.testscript.Dashboard" name="switchToDarisniSuperAdmin" time="11.015"/>
  <system-out/>
  <testcase classname="com.bounceadmin.testscript.Dashboard" name="switchToDarisniAdmin" time="8.797"/>
  <system-out/>
</testsuite> <!-- com.bounceadmin.testscript.Dashboard -->
