<?xml version="1.0" encoding="UTF-8"?>
<!-- Generated by org.testng.reporters.JUnitReportReporter -->
<testsuite hostname="HASEEF" failures="0" tests="2" name="com.bounceadmin.testscript.ActivityReport" time="9.580" errors="0" timestamp="2021-06-22T11:37:51 IST" skipped="0">
  <testcase classname="com.bounceadmin.testscript.ActivityReport" name="filterReportByCountry" time="7.269"/>
  <system-out/>
  <testcase classname="com.bounceadmin.testscript.ActivityReport" name="filterReportByNurseryName" time="2.311"/>
  <system-out/>
</testsuite> <!-- com.bounceadmin.testscript.ActivityReport -->
